<?xml version="1.0" encoding="utf-8"?>
<TestRun id="864c5ecc-6d52-4a39-8647-eb52c6e8340d" name="@laptop 2024-12-30 15:03:50" xmlns="http://microsoft.com/schemas/VisualStudio/TeamTest/2010">
  <Times creation="2024-12-30T15:03:50.8693170+01:00" queuing="2024-12-30T15:03:50.8693170+01:00" start="2024-12-30T15:03:50.3550043+01:00" finish="2024-12-30T15:03:50.8735324+01:00" />
  <TestSettings name="default" id="4bdae363-8ae8-4abd-8301-acaf45687ccc">
    <Deployment runDeploymentRoot="_laptop_2024-12-30_15_03_50" />
  </TestSettings>
  <Results>
    <UnitTestResult executionId="0dbd28ef-f469-4a42-8d74-4ff428a1d7d7" testId="fa702fe7-a37d-39d5-2012-6d3e7933ca31" testName="KS.Fiks.Maskinporten.Client.IntegrationTests.MaskinportenClientComponentTests.GetsUnexpectedResponseIfCertificateIsWrong" computerName="laptop" duration="00:00:00.0010000" startTime="2024-12-30T15:03:50.7704659+01:00" endTime="2024-12-30T15:03:50.7705898+01:00" testType="13cdc9d9-ddb5-4fa4-a97d-d965ccfc6d4b" outcome="Failed" testListId="8c84fa94-04c1-424b-9868-57a2d4851a1d" relativeResultsDirectory="0dbd28ef-f469-4a42-8d74-4ff428a1d7d7">
      <Output>
        <ErrorInfo>
          <Message>System.Configuration.ConfigurationErrorsException : MASKINPORTEN_CERT_PWD environment variable not set</Message>
          <StackTrace>   at KS.Fiks.Maskinporten.Client.IntegrationTests.DevServerConstants.get_IdPortenCertPass() in /home/kolbein/git/fiks-maskinporten-client-dotnet-integration-tests/KS.Fiks.Maskinporten.Client.IntegrationTests/DevServerConstants.cs:line 10
   at KS.Fiks.Maskinporten.Client.IntegrationTests.MaskinportenClientFixture..ctor() in /home/kolbein/git/fiks-maskinporten-client-dotnet-integration-tests/KS.Fiks.Maskinporten.Client.IntegrationTests/MaskinportenClientFixture.cs:line 18
   at KS.Fiks.Maskinporten.Client.IntegrationTests.MaskinportenClientComponentTests..ctor() in /home/kolbein/git/fiks-maskinporten-client-dotnet-integration-tests/KS.Fiks.Maskinporten.Client.IntegrationTests/MaskinportenClientComponentTests.cs:line 11
   at System.RuntimeType.CreateInstanceDefaultCtor(Boolean publicOnly, Boolean wrapExceptions)</StackTrace>
        </ErrorInfo>
      </Output>
    </UnitTestResult>
    <UnitTestResult executionId="d59e42a8-f7bd-47ee-b5f2-4c3f7aa07c57" testId="0b697373-29c2-1a4b-ae3a-3977b503a922" testName="KS.Fiks.Maskinporten.Client.IntegrationTests.MaskinportenClientComponentTests.GetsTheSameTokenIfCallingTwiceInShortTime" computerName="laptop" duration="00:00:00.0010000" startTime="2024-12-30T15:03:50.7463631+01:00" endTime="2024-12-30T15:03:50.7558341+01:00" testType="13cdc9d9-ddb5-4fa4-a97d-d965ccfc6d4b" outcome="Failed" testListId="8c84fa94-04c1-424b-9868-57a2d4851a1d" relativeResultsDirectory="d59e42a8-f7bd-47ee-b5f2-4c3f7aa07c57">
      <Output>
        <ErrorInfo>
          <Message>System.Configuration.ConfigurationErrorsException : MASKINPORTEN_CERT_PWD environment variable not set</Message>
          <StackTrace>   at KS.Fiks.Maskinporten.Client.IntegrationTests.DevServerConstants.get_IdPortenCertPass() in /home/kolbein/git/fiks-maskinporten-client-dotnet-integration-tests/KS.Fiks.Maskinporten.Client.IntegrationTests/DevServerConstants.cs:line 10
   at KS.Fiks.Maskinporten.Client.IntegrationTests.MaskinportenClientFixture..ctor() in /home/kolbein/git/fiks-maskinporten-client-dotnet-integration-tests/KS.Fiks.Maskinporten.Client.IntegrationTests/MaskinportenClientFixture.cs:line 18
   at KS.Fiks.Maskinporten.Client.IntegrationTests.MaskinportenClientComponentTests..ctor() in /home/kolbein/git/fiks-maskinporten-client-dotnet-integration-tests/KS.Fiks.Maskinporten.Client.IntegrationTests/MaskinportenClientComponentTests.cs:line 11
   at System.RuntimeType.CreateInstanceDefaultCtor(Boolean publicOnly, Boolean wrapExceptions)</StackTrace>
        </ErrorInfo>
      </Output>
    </UnitTestResult>
    <UnitTestResult executionId="e034790c-8005-4895-878e-df2c31ed2f27" testId="052651b8-f0bb-05ad-0daf-6e1d046dee41" testName="KS.Fiks.Maskinporten.Client.IntegrationTests.MaskinportenClientComponentTests.CanBeCreated" computerName="laptop" duration="00:00:00.0010000" startTime="2024-12-30T15:03:50.7675999+01:00" endTime="2024-12-30T15:03:50.7677546+01:00" testType="13cdc9d9-ddb5-4fa4-a97d-d965ccfc6d4b" outcome="Failed" testListId="8c84fa94-04c1-424b-9868-57a2d4851a1d" relativeResultsDirectory="e034790c-8005-4895-878e-df2c31ed2f27">
      <Output>
        <ErrorInfo>
          <Message>System.Configuration.ConfigurationErrorsException : MASKINPORTEN_CERT_PWD environment variable not set</Message>
          <StackTrace>   at KS.Fiks.Maskinporten.Client.IntegrationTests.DevServerConstants.get_IdPortenCertPass() in /home/kolbein/git/fiks-maskinporten-client-dotnet-integration-tests/KS.Fiks.Maskinporten.Client.IntegrationTests/DevServerConstants.cs:line 10
   at KS.Fiks.Maskinporten.Client.IntegrationTests.MaskinportenClientFixture..ctor() in /home/kolbein/git/fiks-maskinporten-client-dotnet-integration-tests/KS.Fiks.Maskinporten.Client.IntegrationTests/MaskinportenClientFixture.cs:line 18
   at KS.Fiks.Maskinporten.Client.IntegrationTests.MaskinportenClientComponentTests..ctor() in /home/kolbein/git/fiks-maskinporten-client-dotnet-integration-tests/KS.Fiks.Maskinporten.Client.IntegrationTests/MaskinportenClientComponentTests.cs:line 11
   at System.RuntimeType.CreateInstanceDefaultCtor(Boolean publicOnly, Boolean wrapExceptions)</StackTrace>
        </ErrorInfo>
      </Output>
    </UnitTestResult>
    <UnitTestResult executionId="acf8dbc2-de0f-42a5-86fe-ddacdb6dd5cc" testId="7c1c0199-7570-f0af-ccc1-5cab87d61c9c" testName="KS.Fiks.Maskinporten.Client.IntegrationTests.MaskinportenClientComponentTests.GetsNewTokenIfNumberOfSecondsLeftBeforeExpireIsLargerThanExp" computerName="laptop" duration="00:00:00.0010000" startTime="2024-12-30T15:03:50.7689059+01:00" endTime="2024-12-30T15:03:50.7690393+01:00" testType="13cdc9d9-ddb5-4fa4-a97d-d965ccfc6d4b" outcome="Failed" testListId="8c84fa94-04c1-424b-9868-57a2d4851a1d" relativeResultsDirectory="acf8dbc2-de0f-42a5-86fe-ddacdb6dd5cc">
      <Output>
        <ErrorInfo>
          <Message>System.Configuration.ConfigurationErrorsException : MASKINPORTEN_CERT_PWD environment variable not set</Message>
          <StackTrace>   at KS.Fiks.Maskinporten.Client.IntegrationTests.DevServerConstants.get_IdPortenCertPass() in /home/kolbein/git/fiks-maskinporten-client-dotnet-integration-tests/KS.Fiks.Maskinporten.Client.IntegrationTests/DevServerConstants.cs:line 10
   at KS.Fiks.Maskinporten.Client.IntegrationTests.MaskinportenClientFixture..ctor() in /home/kolbein/git/fiks-maskinporten-client-dotnet-integration-tests/KS.Fiks.Maskinporten.Client.IntegrationTests/MaskinportenClientFixture.cs:line 18
   at KS.Fiks.Maskinporten.Client.IntegrationTests.MaskinportenClientComponentTests..ctor() in /home/kolbein/git/fiks-maskinporten-client-dotnet-integration-tests/KS.Fiks.Maskinporten.Client.IntegrationTests/MaskinportenClientComponentTests.cs:line 11
   at System.RuntimeType.CreateInstanceDefaultCtor(Boolean publicOnly, Boolean wrapExceptions)</StackTrace>
        </ErrorInfo>
      </Output>
    </UnitTestResult>
    <UnitTestResult executionId="f41877cd-884f-4a1c-b818-6ca5283bd27f" testId="540d8557-dd58-0b58-0d39-cfc3d89e37eb" testName="KS.Fiks.Maskinporten.Client.IntegrationTests.MaskinportenClientComponentTests.GetsTokenIfCertificationIsValid" computerName="laptop" duration="00:00:00.0010000" startTime="2024-12-30T15:03:50.7697045+01:00" endTime="2024-12-30T15:03:50.7698170+01:00" testType="13cdc9d9-ddb5-4fa4-a97d-d965ccfc6d4b" outcome="Failed" testListId="8c84fa94-04c1-424b-9868-57a2d4851a1d" relativeResultsDirectory="f41877cd-884f-4a1c-b818-6ca5283bd27f">
      <Output>
        <ErrorInfo>
          <Message>System.Configuration.ConfigurationErrorsException : MASKINPORTEN_CERT_PWD environment variable not set</Message>
          <StackTrace>   at KS.Fiks.Maskinporten.Client.IntegrationTests.DevServerConstants.get_IdPortenCertPass() in /home/kolbein/git/fiks-maskinporten-client-dotnet-integration-tests/KS.Fiks.Maskinporten.Client.IntegrationTests/DevServerConstants.cs:line 10
   at KS.Fiks.Maskinporten.Client.IntegrationTests.MaskinportenClientFixture..ctor() in /home/kolbein/git/fiks-maskinporten-client-dotnet-integration-tests/KS.Fiks.Maskinporten.Client.IntegrationTests/MaskinportenClientFixture.cs:line 18
   at KS.Fiks.Maskinporten.Client.IntegrationTests.MaskinportenClientComponentTests..ctor() in /home/kolbein/git/fiks-maskinporten-client-dotnet-integration-tests/KS.Fiks.Maskinporten.Client.IntegrationTests/MaskinportenClientComponentTests.cs:line 11
   at System.RuntimeType.CreateInstanceDefaultCtor(Boolean publicOnly, Boolean wrapExceptions)</StackTrace>
        </ErrorInfo>
      </Output>
    </UnitTestResult>
  </Results>
  <TestDefinitions>
    <UnitTest name="KS.Fiks.Maskinporten.Client.IntegrationTests.MaskinportenClientComponentTests.GetsNewTokenIfNumberOfSecondsLeftBeforeExpireIsLargerThanExp" storage="/home/kolbein/git/fiks-maskinporten-client-dotnet-integration-tests/ks.fiks.maskinporten.client.integrationtests/bin/debug/net8.0/ks.fiks.maskinporten.client.integrationtests.dll" id="7c1c0199-7570-f0af-ccc1-5cab87d61c9c">
      <Execution id="acf8dbc2-de0f-42a5-86fe-ddacdb6dd5cc" />
      <TestMethod codeBase="/home/kolbein/git/fiks-maskinporten-client-dotnet-integration-tests/KS.Fiks.Maskinporten.Client.IntegrationTests/bin/Debug/net8.0/KS.Fiks.Maskinporten.Client.IntegrationTests.dll" adapterTypeName="executor://xunit/VsTestRunner3/netcore/" className="KS.Fiks.Maskinporten.Client.IntegrationTests.MaskinportenClientComponentTests" name="GetsNewTokenIfNumberOfSecondsLeftBeforeExpireIsLargerThanExp" />
    </UnitTest>
    <UnitTest name="KS.Fiks.Maskinporten.Client.IntegrationTests.MaskinportenClientComponentTests.GetsTheSameTokenIfCallingTwiceInShortTime" storage="/home/kolbein/git/fiks-maskinporten-client-dotnet-integration-tests/ks.fiks.maskinporten.client.integrationtests/bin/debug/net8.0/ks.fiks.maskinporten.client.integrationtests.dll" id="0b697373-29c2-1a4b-ae3a-3977b503a922">
      <Execution id="d59e42a8-f7bd-47ee-b5f2-4c3f7aa07c57" />
      <TestMethod codeBase="/home/kolbein/git/fiks-maskinporten-client-dotnet-integration-tests/KS.Fiks.Maskinporten.Client.IntegrationTests/bin/Debug/net8.0/KS.Fiks.Maskinporten.Client.IntegrationTests.dll" adapterTypeName="executor://xunit/VsTestRunner3/netcore/" className="KS.Fiks.Maskinporten.Client.IntegrationTests.MaskinportenClientComponentTests" name="GetsTheSameTokenIfCallingTwiceInShortTime" />
    </UnitTest>
    <UnitTest name="KS.Fiks.Maskinporten.Client.IntegrationTests.MaskinportenClientComponentTests.GetsTokenIfCertificationIsValid" storage="/home/kolbein/git/fiks-maskinporten-client-dotnet-integration-tests/ks.fiks.maskinporten.client.integrationtests/bin/debug/net8.0/ks.fiks.maskinporten.client.integrationtests.dll" id="540d8557-dd58-0b58-0d39-cfc3d89e37eb">
      <Execution id="f41877cd-884f-4a1c-b818-6ca5283bd27f" />
      <TestMethod codeBase="/home/kolbein/git/fiks-maskinporten-client-dotnet-integration-tests/KS.Fiks.Maskinporten.Client.IntegrationTests/bin/Debug/net8.0/KS.Fiks.Maskinporten.Client.IntegrationTests.dll" adapterTypeName="executor://xunit/VsTestRunner3/netcore/" className="KS.Fiks.Maskinporten.Client.IntegrationTests.MaskinportenClientComponentTests" name="GetsTokenIfCertificationIsValid" />
    </UnitTest>
    <UnitTest name="KS.Fiks.Maskinporten.Client.IntegrationTests.MaskinportenClientComponentTests.CanBeCreated" storage="/home/kolbein/git/fiks-maskinporten-client-dotnet-integration-tests/ks.fiks.maskinporten.client.integrationtests/bin/debug/net8.0/ks.fiks.maskinporten.client.integrationtests.dll" id="052651b8-f0bb-05ad-0daf-6e1d046dee41">
      <Execution id="e034790c-8005-4895-878e-df2c31ed2f27" />
      <TestMethod codeBase="/home/kolbein/git/fiks-maskinporten-client-dotnet-integration-tests/KS.Fiks.Maskinporten.Client.IntegrationTests/bin/Debug/net8.0/KS.Fiks.Maskinporten.Client.IntegrationTests.dll" adapterTypeName="executor://xunit/VsTestRunner3/netcore/" className="KS.Fiks.Maskinporten.Client.IntegrationTests.MaskinportenClientComponentTests" name="CanBeCreated" />
    </UnitTest>
    <UnitTest name="KS.Fiks.Maskinporten.Client.IntegrationTests.MaskinportenClientComponentTests.GetsUnexpectedResponseIfCertificateIsWrong" storage="/home/kolbein/git/fiks-maskinporten-client-dotnet-integration-tests/ks.fiks.maskinporten.client.integrationtests/bin/debug/net8.0/ks.fiks.maskinporten.client.integrationtests.dll" id="fa702fe7-a37d-39d5-2012-6d3e7933ca31">
      <Execution id="0dbd28ef-f469-4a42-8d74-4ff428a1d7d7" />
      <TestMethod codeBase="/home/kolbein/git/fiks-maskinporten-client-dotnet-integration-tests/KS.Fiks.Maskinporten.Client.IntegrationTests/bin/Debug/net8.0/KS.Fiks.Maskinporten.Client.IntegrationTests.dll" adapterTypeName="executor://xunit/VsTestRunner3/netcore/" className="KS.Fiks.Maskinporten.Client.IntegrationTests.MaskinportenClientComponentTests" name="GetsUnexpectedResponseIfCertificateIsWrong" />
    </UnitTest>
  </TestDefinitions>
  <TestEntries>
    <TestEntry testId="fa702fe7-a37d-39d5-2012-6d3e7933ca31" executionId="0dbd28ef-f469-4a42-8d74-4ff428a1d7d7" testListId="8c84fa94-04c1-424b-9868-57a2d4851a1d" />
    <TestEntry testId="0b697373-29c2-1a4b-ae3a-3977b503a922" executionId="d59e42a8-f7bd-47ee-b5f2-4c3f7aa07c57" testListId="8c84fa94-04c1-424b-9868-57a2d4851a1d" />
    <TestEntry testId="052651b8-f0bb-05ad-0daf-6e1d046dee41" executionId="e034790c-8005-4895-878e-df2c31ed2f27" testListId="8c84fa94-04c1-424b-9868-57a2d4851a1d" />
    <TestEntry testId="7c1c0199-7570-f0af-ccc1-5cab87d61c9c" executionId="acf8dbc2-de0f-42a5-86fe-ddacdb6dd5cc" testListId="8c84fa94-04c1-424b-9868-57a2d4851a1d" />
    <TestEntry testId="540d8557-dd58-0b58-0d39-cfc3d89e37eb" executionId="f41877cd-884f-4a1c-b818-6ca5283bd27f" testListId="8c84fa94-04c1-424b-9868-57a2d4851a1d" />
  </TestEntries>
  <TestLists>
    <TestList name="Results Not in a List" id="8c84fa94-04c1-424b-9868-57a2d4851a1d" />
    <TestList name="All Loaded Results" id="19431567-8539-422a-85d7-44ee4e166bda" />
  </TestLists>
  <ResultSummary outcome="Failed">
    <Counters total="5" executed="5" passed="0" failed="5" error="0" timeout="0" aborted="0" inconclusive="0" passedButRunAborted="0" notRunnable="0" notExecuted="0" disconnected="0" warning="0" completed="0" inProgress="0" pending="0" />
    <Output>
      <StdOut>[xUnit.net 00:00:00.00] xUnit.net VSTest Adapter v3.0.0+e341b939fe (64-bit .NET 8.0.0)
[xUnit.net 00:00:00.05]   Discovering: KS.Fiks.Maskinporten.Client.IntegrationTests
[xUnit.net 00:00:00.08]   Discovered:  KS.Fiks.Maskinporten.Client.IntegrationTests
[xUnit.net 00:00:00.09]   Starting:    KS.Fiks.Maskinporten.Client.IntegrationTests
[xUnit.net 00:00:00.13]       System.Configuration.ConfigurationErrorsException : MASKINPORTEN_CERT_PWD environment variable not set
[xUnit.net 00:00:00.13]       Stack Trace:
[xUnit.net 00:00:00.13]         /home/kolbein/git/fiks-maskinporten-client-dotnet-integration-tests/KS.Fiks.Maskinporten.Client.IntegrationTests/DevServerConstants.cs(10,0): at KS.Fiks.Maskinporten.Client.IntegrationTests.DevServerConstants.get_IdPortenCertPass()
[xUnit.net 00:00:00.13]         /home/kolbein/git/fiks-maskinporten-client-dotnet-integration-tests/KS.Fiks.Maskinporten.Client.IntegrationTests/MaskinportenClientFixture.cs(18,0): at KS.Fiks.Maskinporten.Client.IntegrationTests.MaskinportenClientFixture..ctor()
[xUnit.net 00:00:00.13]         /home/kolbein/git/fiks-maskinporten-client-dotnet-integration-tests/KS.Fiks.Maskinporten.Client.IntegrationTests/MaskinportenClientComponentTests.cs(11,0): at KS.Fiks.Maskinporten.Client.IntegrationTests.MaskinportenClientComponentTests..ctor()
[xUnit.net 00:00:00.13]            at System.RuntimeType.CreateInstanceDefaultCtor(Boolean publicOnly, Boolean wrapExceptions)
[xUnit.net 00:00:00.14]       System.Configuration.ConfigurationErrorsException : MASKINPORTEN_CERT_PWD environment variable not set
[xUnit.net 00:00:00.14]       Stack Trace:
[xUnit.net 00:00:00.14]         /home/kolbein/git/fiks-maskinporten-client-dotnet-integration-tests/KS.Fiks.Maskinporten.Client.IntegrationTests/DevServerConstants.cs(10,0): at KS.Fiks.Maskinporten.Client.IntegrationTests.DevServerConstants.get_IdPortenCertPass()
[xUnit.net 00:00:00.14]         /home/kolbein/git/fiks-maskinporten-client-dotnet-integration-tests/KS.Fiks.Maskinporten.Client.IntegrationTests/MaskinportenClientFixture.cs(18,0): at KS.Fiks.Maskinporten.Client.IntegrationTests.MaskinportenClientFixture..ctor()
[xUnit.net 00:00:00.14]         /home/kolbein/git/fiks-maskinporten-client-dotnet-integration-tests/KS.Fiks.Maskinporten.Client.IntegrationTests/MaskinportenClientComponentTests.cs(11,0): at KS.Fiks.Maskinporten.Client.IntegrationTests.MaskinportenClientComponentTests..ctor()
[xUnit.net 00:00:00.14]            at System.RuntimeType.CreateInstanceDefaultCtor(Boolean publicOnly, Boolean wrapExceptions)
[xUnit.net 00:00:00.14]       System.Configuration.ConfigurationErrorsException : MASKINPORTEN_CERT_PWD environment variable not set
[xUnit.net 00:00:00.14]       Stack Trace:
[xUnit.net 00:00:00.14]         /home/kolbein/git/fiks-maskinporten-client-dotnet-integration-tests/KS.Fiks.Maskinporten.Client.IntegrationTests/DevServerConstants.cs(10,0): at KS.Fiks.Maskinporten.Client.IntegrationTests.DevServerConstants.get_IdPortenCertPass()
[xUnit.net 00:00:00.14]         /home/kolbein/git/fiks-maskinporten-client-dotnet-integration-tests/KS.Fiks.Maskinporten.Client.IntegrationTests/MaskinportenClientFixture.cs(18,0): at KS.Fiks.Maskinporten.Client.IntegrationTests.MaskinportenClientFixture..ctor()
[xUnit.net 00:00:00.14]         /home/kolbein/git/fiks-maskinporten-client-dotnet-integration-tests/KS.Fiks.Maskinporten.Client.IntegrationTests/MaskinportenClientComponentTests.cs(11,0): at KS.Fiks.Maskinporten.Client.IntegrationTests.MaskinportenClientComponentTests..ctor()
[xUnit.net 00:00:00.14]            at System.RuntimeType.CreateInstanceDefaultCtor(Boolean publicOnly, Boolean wrapExceptions)
[xUnit.net 00:00:00.14]       System.Configuration.ConfigurationErrorsException : MASKINPORTEN_CERT_PWD environment variable not set
[xUnit.net 00:00:00.14]       Stack Trace:
[xUnit.net 00:00:00.14]         /home/kolbein/git/fiks-maskinporten-client-dotnet-integration-tests/KS.Fiks.Maskinporten.Client.IntegrationTests/DevServerConstants.cs(10,0): at KS.Fiks.Maskinporten.Client.IntegrationTests.DevServerConstants.get_IdPortenCertPass()
[xUnit.net 00:00:00.14]         /home/kolbein/git/fiks-maskinporten-client-dotnet-integration-tests/KS.Fiks.Maskinporten.Client.IntegrationTests/MaskinportenClientFixture.cs(18,0): at KS.Fiks.Maskinporten.Client.IntegrationTests.MaskinportenClientFixture..ctor()
[xUnit.net 00:00:00.14]         /home/kolbein/git/fiks-maskinporten-client-dotnet-integration-tests/KS.Fiks.Maskinporten.Client.IntegrationTests/MaskinportenClientComponentTests.cs(11,0): at KS.Fiks.Maskinporten.Client.IntegrationTests.MaskinportenClientComponentTests..ctor()
[xUnit.net 00:00:00.14]            at System.RuntimeType.CreateInstanceDefaultCtor(Boolean publicOnly, Boolean wrapExceptions)
[xUnit.net 00:00:00.14]       System.Configuration.ConfigurationErrorsException : MASKINPORTEN_CERT_PWD environment variable not set
[xUnit.net 00:00:00.14]       Stack Trace:
[xUnit.net 00:00:00.14]         /home/kolbein/git/fiks-maskinporten-client-dotnet-integration-tests/KS.Fiks.Maskinporten.Client.IntegrationTests/DevServerConstants.cs(10,0): at KS.Fiks.Maskinporten.Client.IntegrationTests.DevServerConstants.get_IdPortenCertPass()
[xUnit.net 00:00:00.14]         /home/kolbein/git/fiks-maskinporten-client-dotnet-integration-tests/KS.Fiks.Maskinporten.Client.IntegrationTests/MaskinportenClientFixture.cs(18,0): at KS.Fiks.Maskinporten.Client.IntegrationTests.MaskinportenClientFixture..ctor()
[xUnit.net 00:00:00.14]         /home/kolbein/git/fiks-maskinporten-client-dotnet-integration-tests/KS.Fiks.Maskinporten.Client.IntegrationTests/MaskinportenClientComponentTests.cs(11,0): at KS.Fiks.Maskinporten.Client.IntegrationTests.MaskinportenClientComponentTests..ctor()
[xUnit.net 00:00:00.14]            at System.RuntimeType.CreateInstanceDefaultCtor(Boolean publicOnly, Boolean wrapExceptions)
[xUnit.net 00:00:00.14]   Finished:    KS.Fiks.Maskinporten.Client.IntegrationTests
</StdOut>
    </Output>
    <RunInfos>
      <RunInfo computerName="laptop" outcome="Error" timestamp="2024-12-30T15:03:50.7587352+01:00">
        <Text>[xUnit.net 00:00:00.13]     KS.Fiks.Maskinporten.Client.IntegrationTests.MaskinportenClientComponentTests.GetsTheSameTokenIfCallingTwiceInShortTime [FAIL]</Text>
      </RunInfo>
      <RunInfo computerName="laptop" outcome="Error" timestamp="2024-12-30T15:03:50.7680437+01:00">
        <Text>[xUnit.net 00:00:00.14]     KS.Fiks.Maskinporten.Client.IntegrationTests.MaskinportenClientComponentTests.CanBeCreated [FAIL]</Text>
      </RunInfo>
      <RunInfo computerName="laptop" outcome="Error" timestamp="2024-12-30T15:03:50.7692083+01:00">
        <Text>[xUnit.net 00:00:00.14]     KS.Fiks.Maskinporten.Client.IntegrationTests.MaskinportenClientComponentTests.GetsNewTokenIfNumberOfSecondsLeftBeforeExpireIsLargerThanExp [FAIL]</Text>
      </RunInfo>
      <RunInfo computerName="laptop" outcome="Error" timestamp="2024-12-30T15:03:50.7699656+01:00">
        <Text>[xUnit.net 00:00:00.14]     KS.Fiks.Maskinporten.Client.IntegrationTests.MaskinportenClientComponentTests.GetsTokenIfCertificationIsValid [FAIL]</Text>
      </RunInfo>
      <RunInfo computerName="laptop" outcome="Error" timestamp="2024-12-30T15:03:50.7707581+01:00">
        <Text>[xUnit.net 00:00:00.14]     KS.Fiks.Maskinporten.Client.IntegrationTests.MaskinportenClientComponentTests.GetsUnexpectedResponseIfCertificateIsWrong [FAIL]</Text>
      </RunInfo>
    </RunInfos>
  </ResultSummary>
</TestRun>